{"/Users/zhangw/projects/algorithms/sort/heapsort/isMaxHeap.js":{"path":"/Users/zhangw/projects/algorithms/sort/heapsort/isMaxHeap.js","s":{"1":1,"2":19,"3":0,"4":19,"5":10073,"6":0,"7":19,"8":19,"9":19,"10":10073,"11":1},"b":{"1":[0,19],"2":[0,19],"3":[19,14],"4":[10073,5030,5028]},"f":{"1":19},"fnMap":{"1":{"name":"(anonymous_1)","line":6,"loc":{"start":{"line":6,"column":18},"end":{"line":6,"column":33}}}},"statementMap":{"1":{"start":{"line":6,"column":0},"end":{"line":20,"column":1}},"2":{"start":{"line":7,"column":2},"end":{"line":9,"column":3}},"3":{"start":{"line":8,"column":4},"end":{"line":8,"column":36}},"4":{"start":{"line":10,"column":2},"end":{"line":12,"column":3}},"5":{"start":{"line":10,"column":25},"end":{"line":10,"column":49}},"6":{"start":{"line":11,"column":4},"end":{"line":11,"column":43}},"7":{"start":{"line":14,"column":2},"end":{"line":14,"column":33}},"8":{"start":{"line":16,"column":2},"end":{"line":16,"column":45}},"9":{"start":{"line":17,"column":2},"end":{"line":19,"column":4}},"10":{"start":{"line":18,"column":4},"end":{"line":18,"column":103}},"11":{"start":{"line":21,"column":0},"end":{"line":21,"column":26}}},"branchMap":{"1":{"line":7,"type":"if","locations":[{"start":{"line":7,"column":2},"end":{"line":7,"column":2}},{"start":{"line":7,"column":2},"end":{"line":7,"column":2}}]},"2":{"line":10,"type":"if","locations":[{"start":{"line":10,"column":2},"end":{"line":10,"column":2}},{"start":{"line":10,"column":2},"end":{"line":10,"column":2}}]},"3":{"line":16,"type":"binary-expr","locations":[{"start":{"line":16,"column":2},"end":{"line":16,"column":22}},{"start":{"line":16,"column":26},"end":{"line":16,"column":45}}]},"4":{"line":18,"type":"binary-expr","locations":[{"start":{"line":18,"column":11},"end":{"line":18,"column":31}},{"start":{"line":18,"column":36},"end":{"line":18,"column":68}},{"start":{"line":18,"column":72},"end":{"line":18,"column":102}}]}}},"/Users/zhangw/projects/algorithms/sort/heapsort/buildMaxHeap.js":{"path":"/Users/zhangw/projects/algorithms/sort/heapsort/buildMaxHeap.js","s":{"1":1,"2":9995,"3":9995,"4":9995,"5":9995,"6":9995,"7":2505008,"8":9995,"9":1,"10":2505008,"11":2747267,"12":2747267,"13":2747267,"14":123480,"15":2623787,"16":2381528,"17":242259,"18":234505,"19":234505,"20":234505,"21":234505,"22":7754,"23":7754,"24":7754,"25":7754,"26":2505008,"27":1},"b":{"1":[9995,5001],"2":[123480,2623787],"3":[2381528,242259],"4":[2623787,2384056],"5":[234505,7754]},"f":{"1":9995,"2":2505008},"fnMap":{"1":{"name":"(anonymous_1)","line":6,"loc":{"start":{"line":6,"column":21},"end":{"line":6,"column":36}}},"2":{"name":"(anonymous_2)","line":21,"loc":{"start":{"line":21,"column":16},"end":{"line":21,"column":37}}}},"statementMap":{"1":{"start":{"line":6,"column":0},"end":{"line":15,"column":1}},"2":{"start":{"line":7,"column":2},"end":{"line":7,"column":30}},"3":{"start":{"line":8,"column":2},"end":{"line":8,"column":24}},"4":{"start":{"line":9,"column":2},"end":{"line":9,"column":38}},"5":{"start":{"line":10,"column":2},"end":{"line":10,"column":41}},"6":{"start":{"line":11,"column":2},"end":{"line":13,"column":3}},"7":{"start":{"line":12,"column":4},"end":{"line":12,"column":25}},"8":{"start":{"line":14,"column":2},"end":{"line":14,"column":26}},"9":{"start":{"line":21,"column":0},"end":{"line":43,"column":1}},"10":{"start":{"line":22,"column":2},"end":{"line":41,"column":3}},"11":{"start":{"line":23,"column":4},"end":{"line":23,"column":30}},"12":{"start":{"line":24,"column":4},"end":{"line":24,"column":31}},"13":{"start":{"line":25,"column":4},"end":{"line":27,"column":5}},"14":{"start":{"line":26,"column":6},"end":{"line":26,"column":11}},"15":{"start":{"line":28,"column":4},"end":{"line":40,"column":5}},"16":{"start":{"line":29,"column":6},"end":{"line":29,"column":11}},"17":{"start":{"line":30,"column":11},"end":{"line":40,"column":5}},"18":{"start":{"line":31,"column":6},"end":{"line":31,"column":27}},"19":{"start":{"line":32,"column":6},"end":{"line":32,"column":28}},"20":{"start":{"line":33,"column":6},"end":{"line":33,"column":22}},"21":{"start":{"line":34,"column":6},"end":{"line":34,"column":18}},"22":{"start":{"line":36,"column":6},"end":{"line":36,"column":27}},"23":{"start":{"line":37,"column":6},"end":{"line":37,"column":29}},"24":{"start":{"line":38,"column":6},"end":{"line":38,"column":23}},"25":{"start":{"line":39,"column":6},"end":{"line":39,"column":19}},"26":{"start":{"line":42,"column":2},"end":{"line":42,"column":12}},"27":{"start":{"line":44,"column":0},"end":{"line":44,"column":29}}},"branchMap":{"1":{"line":9,"type":"binary-expr","locations":[{"start":{"line":9,"column":2},"end":{"line":9,"column":15}},{"start":{"line":9,"column":19},"end":{"line":9,"column":38}}]},"2":{"line":25,"type":"if","locations":[{"start":{"line":25,"column":4},"end":{"line":25,"column":4}},{"start":{"line":25,"column":4},"end":{"line":25,"column":4}}]},"3":{"line":28,"type":"if","locations":[{"start":{"line":28,"column":4},"end":{"line":28,"column":4}},{"start":{"line":28,"column":4},"end":{"line":28,"column":4}}]},"4":{"line":28,"type":"binary-expr","locations":[{"start":{"line":28,"column":8},"end":{"line":28,"column":31}},{"start":{"line":28,"column":35},"end":{"line":28,"column":59}}]},"5":{"line":30,"type":"if","locations":[{"start":{"line":30,"column":11},"end":{"line":30,"column":11}},{"start":{"line":30,"column":11},"end":{"line":30,"column":11}}]}}},"/Users/zhangw/projects/algorithms/sort/heapsort/heapSort.js":{"path":"/Users/zhangw/projects/algorithms/sort/heapsort/heapSort.js","s":{"1":1,"2":1,"3":11,"4":11,"5":11,"6":9981,"7":9981,"8":11,"9":11,"10":1},"b":{},"f":{"1":11},"fnMap":{"1":{"name":"(anonymous_1)","line":7,"loc":{"start":{"line":7,"column":17},"end":{"line":7,"column":32}}}},"statementMap":{"1":{"start":{"line":1,"column":0},"end":{"line":1,"column":46}},"2":{"start":{"line":7,"column":0},"end":{"line":16,"column":1}},"3":{"start":{"line":8,"column":2},"end":{"line":8,"column":38}},"4":{"start":{"line":9,"column":2},"end":{"line":9,"column":19}},"5":{"start":{"line":10,"column":2},"end":{"line":13,"column":3}},"6":{"start":{"line":11,"column":4},"end":{"line":11,"column":35}},"7":{"start":{"line":12,"column":4},"end":{"line":12,"column":32}},"8":{"start":{"line":14,"column":2},"end":{"line":14,"column":24}},"9":{"start":{"line":15,"column":2},"end":{"line":15,"column":15}},"10":{"start":{"line":17,"column":0},"end":{"line":17,"column":25}}},"branchMap":{}},"/Users/zhangw/projects/algorithms/sort/util.js":{"path":"/Users/zhangw/projects/algorithms/sort/util.js","s":{"1":1,"2":13,"3":12,"4":13,"5":10001,"6":1,"7":10,"8":10,"9":10,"10":10,"11":10,"12":10000,"13":10,"14":1},"b":{"1":[12,1],"2":[10001,9988],"3":[10,10],"4":[10,10],"5":[10,10]},"f":{"1":13,"2":10},"fnMap":{"1":{"name":"(anonymous_1)","line":7,"loc":{"start":{"line":7,"column":17},"end":{"line":7,"column":42}}},"2":{"name":"(anonymous_2)","line":18,"loc":{"start":{"line":18,"column":26},"end":{"line":18,"column":51}}}},"statementMap":{"1":{"start":{"line":7,"column":0},"end":{"line":11,"column":1}},"2":{"start":{"line":8,"column":2},"end":{"line":9,"column":23}},"3":{"start":{"line":9,"column":4},"end":{"line":9,"column":23}},"4":{"start":{"line":10,"column":2},"end":{"line":10,"column":98}},"5":{"start":{"line":10,"column":43},"end":{"line":10,"column":97}},"6":{"start":{"line":18,"column":0},"end":{"line":27,"column":1}},"7":{"start":{"line":19,"column":2},"end":{"line":19,"column":35}},"8":{"start":{"line":20,"column":2},"end":{"line":20,"column":32}},"9":{"start":{"line":21,"column":2},"end":{"line":21,"column":35}},"10":{"start":{"line":22,"column":2},"end":{"line":22,"column":24}},"11":{"start":{"line":23,"column":2},"end":{"line":25,"column":3}},"12":{"start":{"line":24,"column":4},"end":{"line":24,"column":51}},"13":{"start":{"line":26,"column":2},"end":{"line":26,"column":20}},"14":{"start":{"line":28,"column":0},"end":{"line":31,"column":1}}},"branchMap":{"1":{"line":8,"type":"if","locations":[{"start":{"line":8,"column":2},"end":{"line":8,"column":2}},{"start":{"line":8,"column":2},"end":{"line":8,"column":2}}]},"2":{"line":10,"type":"binary-expr","locations":[{"start":{"line":10,"column":43},"end":{"line":10,"column":69}},{"start":{"line":10,"column":73},"end":{"line":10,"column":97}}]},"3":{"line":19,"type":"binary-expr","locations":[{"start":{"line":19,"column":2},"end":{"line":19,"column":19}},{"start":{"line":19,"column":24},"end":{"line":19,"column":34}}]},"4":{"line":20,"type":"binary-expr","locations":[{"start":{"line":20,"column":2},"end":{"line":20,"column":19}},{"start":{"line":20,"column":24},"end":{"line":20,"column":31}}]},"5":{"line":21,"type":"binary-expr","locations":[{"start":{"line":21,"column":2},"end":{"line":21,"column":19}},{"start":{"line":21,"column":24},"end":{"line":21,"column":34}}]}}},"/Users/zhangw/projects/algorithms/solutions/strassen.js":{"path":"/Users/zhangw/projects/algorithms/solutions/strassen.js","s":{"1":1,"2":99,"3":110,"4":132,"5":1,"6":63,"7":70,"8":84,"9":1,"10":65,"11":56,"12":9,"13":0,"14":9,"15":0,"16":9,"17":0,"18":9,"19":0,"20":9,"21":10,"22":9,"23":10,"24":9,"25":10,"26":9,"27":10,"28":9,"29":10,"30":9,"31":10,"32":9,"33":10,"34":9,"35":10,"36":9,"37":9,"38":9,"39":9,"40":9,"41":9,"42":9,"43":9,"44":9,"45":9,"46":9,"47":9,"48":9,"49":9,"50":9,"51":9,"52":9,"53":9,"54":9,"55":9,"56":9,"57":9,"58":10,"59":9,"60":10,"61":9,"62":1},"b":{"1":[56,9],"2":[65,56],"3":[0,9],"4":[0,9],"5":[9,9],"6":[0,9],"7":[0,9],"8":[9,9]},"f":{"1":99,"2":63,"3":65},"fnMap":{"1":{"name":"(anonymous_1)","line":1,"loc":{"start":{"line":1,"column":18},"end":{"line":1,"column":34}}},"2":{"name":"(anonymous_2)","line":4,"loc":{"start":{"line":4,"column":20},"end":{"line":4,"column":36}}},"3":{"name":"(anonymous_3)","line":8,"loc":{"start":{"line":8,"column":17},"end":{"line":8,"column":33}}}},"statementMap":{"1":{"start":{"line":1,"column":0},"end":{"line":3,"column":1}},"2":{"start":{"line":2,"column":2},"end":{"line":2,"column":100}},"3":{"start":{"line":2,"column":33},"end":{"line":2,"column":99}},"4":{"start":{"line":2,"column":61},"end":{"line":2,"column":98}},"5":{"start":{"line":4,"column":0},"end":{"line":6,"column":1}},"6":{"start":{"line":5,"column":2},"end":{"line":5,"column":100}},"7":{"start":{"line":5,"column":33},"end":{"line":5,"column":99}},"8":{"start":{"line":5,"column":61},"end":{"line":5,"column":98}},"9":{"start":{"line":8,"column":0},"end":{"line":64,"column":1}},"10":{"start":{"line":10,"column":2},"end":{"line":12,"column":3}},"11":{"start":{"line":11,"column":4},"end":{"line":11,"column":32}},"12":{"start":{"line":13,"column":2},"end":{"line":15,"column":3}},"13":{"start":{"line":14,"column":4},"end":{"line":14,"column":30}},"14":{"start":{"line":16,"column":2},"end":{"line":18,"column":3}},"15":{"start":{"line":17,"column":4},"end":{"line":17,"column":34}},"16":{"start":{"line":19,"column":2},"end":{"line":21,"column":3}},"17":{"start":{"line":20,"column":4},"end":{"line":20,"column":30}},"18":{"start":{"line":22,"column":2},"end":{"line":24,"column":3}},"19":{"start":{"line":23,"column":4},"end":{"line":23,"column":34}},"20":{"start":{"line":26,"column":2},"end":{"line":26,"column":79}},"21":{"start":{"line":26,"column":51},"end":{"line":26,"column":78}},"22":{"start":{"line":27,"column":2},"end":{"line":27,"column":86}},"23":{"start":{"line":27,"column":51},"end":{"line":27,"column":85}},"24":{"start":{"line":28,"column":2},"end":{"line":28,"column":86}},"25":{"start":{"line":28,"column":58},"end":{"line":28,"column":85}},"26":{"start":{"line":29,"column":2},"end":{"line":29,"column":93}},"27":{"start":{"line":29,"column":58},"end":{"line":29,"column":92}},"28":{"start":{"line":30,"column":2},"end":{"line":30,"column":79}},"29":{"start":{"line":30,"column":51},"end":{"line":30,"column":78}},"30":{"start":{"line":31,"column":2},"end":{"line":31,"column":86}},"31":{"start":{"line":31,"column":51},"end":{"line":31,"column":85}},"32":{"start":{"line":32,"column":2},"end":{"line":32,"column":86}},"33":{"start":{"line":32,"column":58},"end":{"line":32,"column":85}},"34":{"start":{"line":33,"column":2},"end":{"line":33,"column":93}},"35":{"start":{"line":33,"column":58},"end":{"line":33,"column":92}},"36":{"start":{"line":35,"column":2},"end":{"line":35,"column":34}},"37":{"start":{"line":36,"column":2},"end":{"line":36,"column":32}},"38":{"start":{"line":37,"column":2},"end":{"line":37,"column":32}},"39":{"start":{"line":38,"column":2},"end":{"line":38,"column":34}},"40":{"start":{"line":39,"column":2},"end":{"line":39,"column":32}},"41":{"start":{"line":40,"column":2},"end":{"line":40,"column":32}},"42":{"start":{"line":41,"column":2},"end":{"line":41,"column":34}},"43":{"start":{"line":42,"column":2},"end":{"line":42,"column":32}},"44":{"start":{"line":43,"column":2},"end":{"line":43,"column":34}},"45":{"start":{"line":44,"column":2},"end":{"line":44,"column":33}},"46":{"start":{"line":47,"column":2},"end":{"line":47,"column":30}},"47":{"start":{"line":48,"column":2},"end":{"line":48,"column":30}},"48":{"start":{"line":49,"column":2},"end":{"line":49,"column":30}},"49":{"start":{"line":50,"column":2},"end":{"line":50,"column":30}},"50":{"start":{"line":51,"column":2},"end":{"line":51,"column":29}},"51":{"start":{"line":52,"column":2},"end":{"line":52,"column":29}},"52":{"start":{"line":53,"column":2},"end":{"line":53,"column":30}},"53":{"start":{"line":56,"column":2},"end":{"line":56,"column":65}},"54":{"start":{"line":57,"column":2},"end":{"line":57,"column":31}},"55":{"start":{"line":58,"column":2},"end":{"line":58,"column":31}},"56":{"start":{"line":59,"column":2},"end":{"line":59,"column":63}},"57":{"start":{"line":61,"column":2},"end":{"line":61,"column":62}},"58":{"start":{"line":61,"column":38},"end":{"line":61,"column":61}},"59":{"start":{"line":62,"column":2},"end":{"line":62,"column":62}},"60":{"start":{"line":62,"column":38},"end":{"line":62,"column":61}},"61":{"start":{"line":63,"column":2},"end":{"line":63,"column":22}},"62":{"start":{"line":65,"column":0},"end":{"line":65,"column":25}}},"branchMap":{"1":{"line":10,"type":"if","locations":[{"start":{"line":10,"column":2},"end":{"line":10,"column":2}},{"start":{"line":10,"column":2},"end":{"line":10,"column":2}}]},"2":{"line":10,"type":"binary-expr","locations":[{"start":{"line":10,"column":6},"end":{"line":10,"column":20}},{"start":{"line":10,"column":24},"end":{"line":10,"column":41}}]},"3":{"line":13,"type":"if","locations":[{"start":{"line":13,"column":2},"end":{"line":13,"column":2}},{"start":{"line":13,"column":2},"end":{"line":13,"column":2}}]},"4":{"line":16,"type":"if","locations":[{"start":{"line":16,"column":2},"end":{"line":16,"column":2}},{"start":{"line":16,"column":2},"end":{"line":16,"column":2}}]},"5":{"line":16,"type":"binary-expr","locations":[{"start":{"line":16,"column":7},"end":{"line":16,"column":21}},{"start":{"line":16,"column":27},"end":{"line":16,"column":47}}]},"6":{"line":19,"type":"if","locations":[{"start":{"line":19,"column":2},"end":{"line":19,"column":2}},{"start":{"line":19,"column":2},"end":{"line":19,"column":2}}]},"7":{"line":22,"type":"if","locations":[{"start":{"line":22,"column":2},"end":{"line":22,"column":2}},{"start":{"line":22,"column":2},"end":{"line":22,"column":2}}]},"8":{"line":22,"type":"binary-expr","locations":[{"start":{"line":22,"column":7},"end":{"line":22,"column":21}},{"start":{"line":22,"column":27},"end":{"line":22,"column":47}}]}}}}