{"/Users/zhangw/projects/algorithms/strassen.js":{"path":"/Users/zhangw/projects/algorithms/strassen.js","s":{"1":1,"2":99,"3":110,"4":132,"5":1,"6":63,"7":70,"8":84,"9":1,"10":65,"11":65,"12":65,"13":65,"14":56,"15":9,"16":0,"17":9,"18":0,"19":9,"20":0,"21":9,"22":0,"23":9,"24":10,"25":9,"26":10,"27":9,"28":10,"29":9,"30":10,"31":9,"32":9,"33":9,"34":9,"35":9,"36":10,"37":9,"38":10,"39":9,"40":10,"41":9,"42":10,"43":9,"44":9,"45":9,"46":9,"47":9,"48":9,"49":9,"50":9,"51":9,"52":9,"53":9,"54":9,"55":9,"56":9,"57":9,"58":9,"59":9,"60":9,"61":9,"62":9,"63":9,"64":9,"65":9,"66":9,"67":9,"68":9,"69":10,"70":9,"71":10,"72":9,"73":1},"b":{"1":[56,9],"2":[65,56],"3":[0,9],"4":[0,9],"5":[9,9],"6":[0,9],"7":[0,9],"8":[9,9]},"f":{"1":99,"2":63,"3":65},"fnMap":{"1":{"name":"(anonymous_1)","line":1,"loc":{"start":{"line":1,"column":18},"end":{"line":1,"column":34}}},"2":{"name":"(anonymous_2)","line":4,"loc":{"start":{"line":4,"column":20},"end":{"line":4,"column":36}}},"3":{"name":"(anonymous_3)","line":8,"loc":{"start":{"line":8,"column":17},"end":{"line":8,"column":33}}}},"statementMap":{"1":{"start":{"line":1,"column":0},"end":{"line":3,"column":1}},"2":{"start":{"line":2,"column":2},"end":{"line":2,"column":100}},"3":{"start":{"line":2,"column":33},"end":{"line":2,"column":99}},"4":{"start":{"line":2,"column":61},"end":{"line":2,"column":98}},"5":{"start":{"line":4,"column":0},"end":{"line":6,"column":1}},"6":{"start":{"line":5,"column":2},"end":{"line":5,"column":100}},"7":{"start":{"line":5,"column":33},"end":{"line":5,"column":99}},"8":{"start":{"line":5,"column":61},"end":{"line":5,"column":98}},"9":{"start":{"line":8,"column":0},"end":{"line":75,"column":1}},"10":{"start":{"line":9,"column":2},"end":{"line":9,"column":35}},"11":{"start":{"line":10,"column":2},"end":{"line":10,"column":21}},"12":{"start":{"line":11,"column":2},"end":{"line":11,"column":21}},"13":{"start":{"line":12,"column":2},"end":{"line":14,"column":3}},"14":{"start":{"line":13,"column":4},"end":{"line":13,"column":32}},"15":{"start":{"line":15,"column":2},"end":{"line":17,"column":3}},"16":{"start":{"line":16,"column":4},"end":{"line":16,"column":30}},"17":{"start":{"line":18,"column":2},"end":{"line":20,"column":3}},"18":{"start":{"line":19,"column":4},"end":{"line":19,"column":34}},"19":{"start":{"line":21,"column":2},"end":{"line":23,"column":3}},"20":{"start":{"line":22,"column":4},"end":{"line":22,"column":30}},"21":{"start":{"line":24,"column":2},"end":{"line":26,"column":3}},"22":{"start":{"line":25,"column":4},"end":{"line":25,"column":34}},"23":{"start":{"line":28,"column":2},"end":{"line":28,"column":79}},"24":{"start":{"line":28,"column":51},"end":{"line":28,"column":78}},"25":{"start":{"line":29,"column":2},"end":{"line":29,"column":86}},"26":{"start":{"line":29,"column":51},"end":{"line":29,"column":85}},"27":{"start":{"line":30,"column":2},"end":{"line":30,"column":86}},"28":{"start":{"line":30,"column":58},"end":{"line":30,"column":85}},"29":{"start":{"line":31,"column":2},"end":{"line":31,"column":93}},"30":{"start":{"line":31,"column":58},"end":{"line":31,"column":92}},"31":{"start":{"line":32,"column":2},"end":{"line":32,"column":25}},"32":{"start":{"line":33,"column":2},"end":{"line":33,"column":25}},"33":{"start":{"line":34,"column":2},"end":{"line":34,"column":25}},"34":{"start":{"line":35,"column":2},"end":{"line":35,"column":25}},"35":{"start":{"line":36,"column":2},"end":{"line":36,"column":79}},"36":{"start":{"line":36,"column":51},"end":{"line":36,"column":78}},"37":{"start":{"line":37,"column":2},"end":{"line":37,"column":86}},"38":{"start":{"line":37,"column":51},"end":{"line":37,"column":85}},"39":{"start":{"line":38,"column":2},"end":{"line":38,"column":86}},"40":{"start":{"line":38,"column":58},"end":{"line":38,"column":85}},"41":{"start":{"line":39,"column":2},"end":{"line":39,"column":93}},"42":{"start":{"line":39,"column":58},"end":{"line":39,"column":92}},"43":{"start":{"line":41,"column":2},"end":{"line":41,"column":25}},"44":{"start":{"line":42,"column":2},"end":{"line":42,"column":25}},"45":{"start":{"line":43,"column":2},"end":{"line":43,"column":25}},"46":{"start":{"line":44,"column":2},"end":{"line":44,"column":25}},"47":{"start":{"line":46,"column":2},"end":{"line":46,"column":34}},"48":{"start":{"line":47,"column":2},"end":{"line":47,"column":32}},"49":{"start":{"line":48,"column":2},"end":{"line":48,"column":32}},"50":{"start":{"line":49,"column":2},"end":{"line":49,"column":34}},"51":{"start":{"line":50,"column":2},"end":{"line":50,"column":32}},"52":{"start":{"line":51,"column":2},"end":{"line":51,"column":32}},"53":{"start":{"line":52,"column":2},"end":{"line":52,"column":34}},"54":{"start":{"line":53,"column":2},"end":{"line":53,"column":32}},"55":{"start":{"line":54,"column":2},"end":{"line":54,"column":34}},"56":{"start":{"line":55,"column":2},"end":{"line":55,"column":33}},"57":{"start":{"line":58,"column":2},"end":{"line":58,"column":30}},"58":{"start":{"line":59,"column":2},"end":{"line":59,"column":30}},"59":{"start":{"line":60,"column":2},"end":{"line":60,"column":30}},"60":{"start":{"line":61,"column":2},"end":{"line":61,"column":30}},"61":{"start":{"line":62,"column":2},"end":{"line":62,"column":29}},"62":{"start":{"line":63,"column":2},"end":{"line":63,"column":29}},"63":{"start":{"line":64,"column":2},"end":{"line":64,"column":30}},"64":{"start":{"line":67,"column":2},"end":{"line":67,"column":65}},"65":{"start":{"line":68,"column":2},"end":{"line":68,"column":31}},"66":{"start":{"line":69,"column":2},"end":{"line":69,"column":31}},"67":{"start":{"line":70,"column":2},"end":{"line":70,"column":63}},"68":{"start":{"line":72,"column":2},"end":{"line":72,"column":62}},"69":{"start":{"line":72,"column":38},"end":{"line":72,"column":61}},"70":{"start":{"line":73,"column":2},"end":{"line":73,"column":62}},"71":{"start":{"line":73,"column":38},"end":{"line":73,"column":61}},"72":{"start":{"line":74,"column":2},"end":{"line":74,"column":22}},"73":{"start":{"line":76,"column":0},"end":{"line":76,"column":25}}},"branchMap":{"1":{"line":12,"type":"if","locations":[{"start":{"line":12,"column":2},"end":{"line":12,"column":2}},{"start":{"line":12,"column":2},"end":{"line":12,"column":2}}]},"2":{"line":12,"type":"binary-expr","locations":[{"start":{"line":12,"column":6},"end":{"line":12,"column":20}},{"start":{"line":12,"column":24},"end":{"line":12,"column":41}}]},"3":{"line":15,"type":"if","locations":[{"start":{"line":15,"column":2},"end":{"line":15,"column":2}},{"start":{"line":15,"column":2},"end":{"line":15,"column":2}}]},"4":{"line":18,"type":"if","locations":[{"start":{"line":18,"column":2},"end":{"line":18,"column":2}},{"start":{"line":18,"column":2},"end":{"line":18,"column":2}}]},"5":{"line":18,"type":"binary-expr","locations":[{"start":{"line":18,"column":7},"end":{"line":18,"column":21}},{"start":{"line":18,"column":27},"end":{"line":18,"column":47}}]},"6":{"line":21,"type":"if","locations":[{"start":{"line":21,"column":2},"end":{"line":21,"column":2}},{"start":{"line":21,"column":2},"end":{"line":21,"column":2}}]},"7":{"line":24,"type":"if","locations":[{"start":{"line":24,"column":2},"end":{"line":24,"column":2}},{"start":{"line":24,"column":2},"end":{"line":24,"column":2}}]},"8":{"line":24,"type":"binary-expr","locations":[{"start":{"line":24,"column":7},"end":{"line":24,"column":21}},{"start":{"line":24,"column":27},"end":{"line":24,"column":47}}]}}}}