TN:
SF:/Users/zhangw/projects/algorithms/strassen.js
FN:1,(anonymous_1)
FN:4,(anonymous_2)
FN:8,(anonymous_3)
FNF:3
FNH:3
FNDA:99,(anonymous_1)
FNDA:63,(anonymous_2)
FNDA:65,(anonymous_3)
DA:1,1
DA:2,132
DA:4,1
DA:5,84
DA:8,1
DA:9,65
DA:10,65
DA:11,65
DA:12,65
DA:13,56
DA:15,9
DA:16,0
DA:18,9
DA:19,0
DA:21,9
DA:22,0
DA:24,9
DA:25,0
DA:28,10
DA:29,10
DA:30,10
DA:31,10
DA:32,9
DA:33,9
DA:34,9
DA:35,9
DA:36,10
DA:37,10
DA:38,10
DA:39,10
DA:41,9
DA:42,9
DA:43,9
DA:44,9
DA:46,9
DA:47,9
DA:48,9
DA:49,9
DA:50,9
DA:51,9
DA:52,9
DA:53,9
DA:54,9
DA:55,9
DA:58,9
DA:59,9
DA:60,9
DA:61,9
DA:62,9
DA:63,9
DA:64,9
DA:67,9
DA:68,9
DA:69,9
DA:70,9
DA:72,10
DA:73,10
DA:74,9
DA:76,1
LF:59
LH:55
BRDA:12,1,0,56
BRDA:12,1,1,9
BRDA:12,2,0,65
BRDA:12,2,1,56
BRDA:15,3,0,0
BRDA:15,3,1,9
BRDA:18,4,0,0
BRDA:18,4,1,9
BRDA:18,5,0,9
BRDA:18,5,1,9
BRDA:21,6,0,0
BRDA:21,6,1,9
BRDA:24,7,0,0
BRDA:24,7,1,9
BRDA:24,8,0,9
BRDA:24,8,1,9
BRF:16
BRH:12
end_of_record
