TN:
SF:/Users/zhangw/projects/algorithms/sort/heapsort/isMaxHeap.js
FN:6,(anonymous_1)
FNF:1
FNH:1
FNDA:1009,(anonymous_1)
DA:6,1
DA:7,1009
DA:8,0
DA:10,1000073
DA:11,0
DA:14,1009
DA:16,1009
DA:17,1009
DA:18,1001063
DA:21,1
LF:10
LH:8
BRDA:7,1,0,0
BRDA:7,1,1,1009
BRDA:10,2,0,0
BRDA:10,2,1,1009
BRDA:16,3,0,1009
BRDA:16,3,1,1004
BRDA:18,4,0,1001063
BRDA:18,4,1,500030
BRDA:18,4,2,500028
BRF:9
BRH:7
end_of_record
TN:
SF:/Users/zhangw/projects/algorithms/sort/heapsort/buildMaxHeap.js
FN:6,(anonymous_1)
FN:16,(anonymous_2)
FNF:2
FNH:2
FNDA:1005,(anonymous_1)
FNDA:500018,(anonymous_2)
DA:6,1
DA:7,1005
DA:8,1005
DA:9,1005
DA:10,1005
DA:11,1005
DA:12,500018
DA:14,1005
DA:16,1
DA:17,500018
DA:18,1235803
DA:19,1235803
DA:20,1235803
DA:21,302745
DA:23,933058
DA:24,197273
DA:25,735785
DA:26,369517
DA:27,369517
DA:28,369517
DA:29,369517
DA:31,366268
DA:32,366268
DA:33,366268
DA:34,366268
DA:37,500018
DA:39,1
LF:27
LH:27
BRDA:9,1,0,1005
BRDA:9,1,1,1001
BRDA:20,2,0,302745
BRDA:20,2,1,933058
BRDA:23,3,0,197273
BRDA:23,3,1,735785
BRDA:23,4,0,933058
BRDA:23,4,1,307937
BRDA:25,5,0,369517
BRDA:25,5,1,366268
BRF:10
BRH:10
end_of_record
TN:
SF:/Users/zhangw/projects/algorithms/sort/heapsort/heapSort.js
FN:7,(anonymous_1)
FNF:1
FNH:1
FNDA:1,(anonymous_1)
DA:1,1
DA:7,1
DA:8,1
DA:9,1
DA:10,1
DA:11,1
DA:12,1
DA:14,1
DA:15,1
DA:17,1
LF:10
LH:10
BRF:0
BRH:0
end_of_record
TN:
SF:/Users/zhangw/projects/algorithms/sort/util.js
FN:7,(anonymous_1)
FNF:1
FNH:1
FNDA:3,(anonymous_1)
DA:7,1
DA:8,3
DA:9,2
DA:10,7
DA:12,1
LF:5
LH:5
BRDA:8,1,0,2
BRDA:8,1,1,1
BRDA:10,2,0,7
BRDA:10,2,1,4
BRF:4
BRH:4
end_of_record
TN:
SF:/Users/zhangw/projects/algorithms/solutions/strassen.js
FN:1,(anonymous_1)
FN:4,(anonymous_2)
FN:8,(anonymous_3)
FNF:3
FNH:3
FNDA:99,(anonymous_1)
FNDA:63,(anonymous_2)
FNDA:65,(anonymous_3)
DA:1,1
DA:2,132
DA:4,1
DA:5,84
DA:8,1
DA:10,65
DA:11,56
DA:13,9
DA:14,0
DA:16,9
DA:17,0
DA:19,9
DA:20,0
DA:22,9
DA:23,0
DA:26,10
DA:27,10
DA:28,10
DA:29,10
DA:30,10
DA:31,10
DA:32,10
DA:33,10
DA:35,9
DA:36,9
DA:37,9
DA:38,9
DA:39,9
DA:40,9
DA:41,9
DA:42,9
DA:43,9
DA:44,9
DA:47,9
DA:48,9
DA:49,9
DA:50,9
DA:51,9
DA:52,9
DA:53,9
DA:56,9
DA:57,9
DA:58,9
DA:59,9
DA:61,10
DA:62,10
DA:63,9
DA:65,1
LF:48
LH:44
BRDA:10,1,0,56
BRDA:10,1,1,9
BRDA:10,2,0,65
BRDA:10,2,1,56
BRDA:13,3,0,0
BRDA:13,3,1,9
BRDA:16,4,0,0
BRDA:16,4,1,9
BRDA:16,5,0,9
BRDA:16,5,1,9
BRDA:19,6,0,0
BRDA:19,6,1,9
BRDA:22,7,0,0
BRDA:22,7,1,9
BRDA:22,8,0,9
BRDA:22,8,1,9
BRF:16
BRH:12
end_of_record
